<?xml version="1.0" encoding="UTF-8"?>
<!-- Generated by org.testng.reporters.JUnitReportReporter -->
<testsuite hostname="DESKTOP-DQIOB50" failures="0" tests="1" name="com.matschie.servicenow.tests.IncidentServiceTest" time="3.496" errors="0" timestamp="2024-09-18T21:44:50 IST" skipped="0">
  <testcase classname="com.matschie.servicenow.tests.IncidentServiceTest" name="usershouldAbleToCreateIncidentandFetchall" time="3.496"/>
  <system-out/>
</testsuite> <!-- com.matschie.servicenow.tests.IncidentServiceTest -->
