<?xml version="1.0" encoding="UTF-8"?>
<!-- Generated by org.testng.reporters.JUnitReportReporter -->
<testsuite hostname="DESKTOP-DQIOB50" failures="0" tests="5" name="com.matschie.test.runner.JIRArunner" time="5.309" errors="0" timestamp="2024-09-23T23:09:10 IST" skipped="0">
  <testcase classname="com.matschie.test.runner.JIRArunner" name="runScenario" time="0.653"/>
  <system-out/>
  <testcase classname="com.matschie.test.runner.JIRArunner" name="runScenario" time="0.380"/>
  <system-out/>
  <testcase classname="com.matschie.test.runner.JIRArunner" name="runScenario" time="2.985"/>
  <system-out/>
  <testcase classname="com.matschie.test.runner.JIRArunner" name="runScenario" time="0.789"/>
  <system-out/>
  <testcase classname="com.matschie.test.runner.JIRArunner" name="runScenario" time="0.502"/>
  <system-out/>
</testsuite> <!-- com.matschie.test.runner.JIRArunner -->
