<?xml version="1.0" encoding="UTF-8"?>
<!-- Generated by org.testng.reporters.JUnitReportReporter -->
<testsuite hostname="DESKTOP-DQIOB50" failures="0" tests="1" name="com.matschie.servicenow.tests.IncidentServiceTest" time="4.038" errors="0" timestamp="2024-09-19T22:00:04 IST" skipped="0">
  <testcase classname="com.matschie.servicenow.tests.IncidentServiceTest" name="GetHardwarelist" time="4.038"/>
  <system-out/>
</testsuite> <!-- com.matschie.servicenow.tests.IncidentServiceTest -->
