<?xml version="1.0" encoding="UTF-8"?>
<!-- Generated by org.testng.reporters.JUnitReportReporter -->
<testsuite hostname="DESKTOP-DQIOB50" failures="0" tests="3" name="com.matschie.test.runner.IncidentServiceTestCucumber" time="10.763" errors="0" timestamp="2024-09-20T21:12:55 IST" skipped="0">
  <testcase classname="com.matschie.test.runner.IncidentServiceTestCucumber" name="runScenario" time="2.321"/>
  <system-out/>
  <testcase classname="com.matschie.test.runner.IncidentServiceTestCucumber" name="runScenario" time="6.074"/>
  <system-out/>
  <testcase classname="com.matschie.test.runner.IncidentServiceTestCucumber" name="runScenario" time="2.368"/>
  <system-out/>
</testsuite> <!-- com.matschie.test.runner.IncidentServiceTestCucumber -->
