<?xml version="1.0" encoding="UTF-8"?>
<!-- Generated by org.testng.reporters.JUnitReportReporter -->
<testsuite hostname="DESKTOP-DQIOB50" failures="0" tests="1" name="com.matschie.test.runner.ChangerequestTestCucumber$IncidentServiceTestCucumber" time="5.355" errors="0" timestamp="2024-09-20T23:00:57 IST" skipped="0">
  <testcase classname="com.matschie.test.runner.ChangerequestTestCucumber$IncidentServiceTestCucumber" name="runScenario" time="5.355"/>
  <system-out/>
</testsuite> <!-- com.matschie.test.runner.ChangerequestTestCucumber$IncidentServiceTestCucumber -->
